<?xml version="1.0" encoding="UTF-8"?>
<testng-results skipped="0" failed="0" total="1" passed="1">
  <reporter-output>
  </reporter-output>
  <suite name="Suite" duration-ms="21505" started-at="2018-11-13T12:01:14Z" finished-at="2018-11-13T12:01:36Z">
    <groups>
    </groups>
    <test name="Test" duration-ms="21505" started-at="2018-11-13T12:01:14Z" finished-at="2018-11-13T12:01:36Z">
      <class name="com.amazon.testcases.OrderSearch">
        <test-method status="PASS" signature="launchPage(java.lang.String)[pri:0, instance:com.amazon.testcases.OrderSearch@548a9f61]" name="launchPage" is-config="true" duration-ms="9249" started-at="2018-11-13T17:31:14Z" finished-at="2018-11-13T17:31:24Z">
          <params>
            <param index="0">
              <value>
                <![CDATA[Chrome]]>
              </value>
            </param>
          </params>
          <reporter-output>
          </reporter-output>
        </test-method> <!-- launchPage -->
        <test-method status="PASS" signature="searchorder()[pri:0, instance:com.amazon.testcases.OrderSearch@548a9f61]" name="searchorder" duration-ms="12242" started-at="2018-11-13T17:31:24Z" finished-at="2018-11-13T17:31:36Z">
          <reporter-output>
          </reporter-output>
        </test-method> <!-- searchorder -->
      </class> <!-- com.amazon.testcases.OrderSearch -->
    </test> <!-- Test -->
  </suite> <!-- Suite -->
</testng-results>
